1583276413888	addons.webextension.doh-rollout@mozilla.org	WARN	Loading extension 'doh-rollout@mozilla.org': Reading manifest: Invalid extension permission: networkStatus
1583276413998	addons.webextension.screenshots@mozilla.org	WARN	Loading extension 'screenshots@mozilla.org': Reading manifest: Invalid extension permission: mozillaAddons
1583276413998	addons.webextension.screenshots@mozilla.org	WARN	Loading extension 'screenshots@mozilla.org': Reading manifest: Invalid extension permission: telemetry
1583276413998	addons.webextension.screenshots@mozilla.org	WARN	Loading extension 'screenshots@mozilla.org': Reading manifest: Invalid extension permission: resource://pdf.js/
1583276413998	addons.webextension.screenshots@mozilla.org	WARN	Loading extension 'screenshots@mozilla.org': Reading manifest: Invalid extension permission: about:reader*
Invalid Context= "Legacy" line for icon theme:  "/usr/share/icons/Adwaita/8x8/legacy/"
Invalid Context= "Legacy" line for icon theme:  "/usr/share/icons/Adwaita/16x16/legacy/"
Invalid Context= "UI" line for icon theme:  "/usr/share/icons/Adwaita/16x16/ui/"
Invalid Context= "Legacy" line for icon theme:  "/usr/share/icons/Adwaita/22x22/legacy/"
Invalid Context= "Legacy" line for icon theme:  "/usr/share/icons/Adwaita/24x24/legacy/"
Invalid Context= "UI" line for icon theme:  "/usr/share/icons/Adwaita/24x24/ui/"
Invalid Context= "Legacy" line for icon theme:  "/usr/share/icons/Adwaita/32x32/legacy/"
Invalid Context= "UI" line for icon theme:  "/usr/share/icons/Adwaita/32x32/ui/"
Invalid Context= "Legacy" line for icon theme:  "/usr/share/icons/Adwaita/48x48/legacy/"
Invalid Context= "UI" line for icon theme:  "/usr/share/icons/Adwaita/48x48/ui/"
Invalid Context= "Legacy" line for icon theme:  "/usr/share/icons/Adwaita/256x256/legacy/"
Invalid Context= "Legacy" line for icon theme:  "/usr/share/icons/Adwaita/512x512/legacy/"
Invalid Context= "Legacy" line for icon theme:  "/usr/share/icons/Adwaita/scalable/legacy/"
Invalid Context= "UI" line for icon theme:  "/usr/share/icons/Adwaita/scalable/ui/"
Icon theme "gnome" not found.
Icon theme "gnome" not found.
1583276415593	Marionette	INFO	Listening on port 34607
1583276415648	Marionette	WARN	TLS certificate errors will be ignored for this session
1583279955022	addons.webextension.doh-rollout@mozilla.org	WARN	Loading extension 'doh-rollout@mozilla.org': Reading manifest: Invalid extension permission: networkStatus
1583279955139	addons.webextension.screenshots@mozilla.org	WARN	Loading extension 'screenshots@mozilla.org': Reading manifest: Invalid extension permission: mozillaAddons
1583279955139	addons.webextension.screenshots@mozilla.org	WARN	Loading extension 'screenshots@mozilla.org': Reading manifest: Invalid extension permission: telemetry
1583279955139	addons.webextension.screenshots@mozilla.org	WARN	Loading extension 'screenshots@mozilla.org': Reading manifest: Invalid extension permission: resource://pdf.js/
1583279955139	addons.webextension.screenshots@mozilla.org	WARN	Loading extension 'screenshots@mozilla.org': Reading manifest: Invalid extension permission: about:reader*
Invalid Context= "Legacy" line for icon theme:  "/usr/share/icons/Adwaita/8x8/legacy/"
Invalid Context= "Legacy" line for icon theme:  "/usr/share/icons/Adwaita/16x16/legacy/"
Invalid Context= "UI" line for icon theme:  "/usr/share/icons/Adwaita/16x16/ui/"
Invalid Context= "Legacy" line for icon theme:  "/usr/share/icons/Adwaita/22x22/legacy/"
Invalid Context= "Legacy" line for icon theme:  "/usr/share/icons/Adwaita/24x24/legacy/"
Invalid Context= "UI" line for icon theme:  "/usr/share/icons/Adwaita/24x24/ui/"
Invalid Context= "Legacy" line for icon theme:  "/usr/share/icons/Adwaita/32x32/legacy/"
Invalid Context= "UI" line for icon theme:  "/usr/share/icons/Adwaita/32x32/ui/"
Invalid Context= "Legacy" line for icon theme:  "/usr/share/icons/Adwaita/48x48/legacy/"
Invalid Context= "UI" line for icon theme:  "/usr/share/icons/Adwaita/48x48/ui/"
Invalid Context= "Legacy" line for icon theme:  "/usr/share/icons/Adwaita/256x256/legacy/"
Invalid Context= "Legacy" line for icon theme:  "/usr/share/icons/Adwaita/512x512/legacy/"
Invalid Context= "Legacy" line for icon theme:  "/usr/share/icons/Adwaita/scalable/legacy/"
Invalid Context= "UI" line for icon theme:  "/usr/share/icons/Adwaita/scalable/ui/"
Icon theme "gnome" not found.
Icon theme "gnome" not found.
1583279957018	Marionette	INFO	Listening on port 44729
1583279957037	Marionette	WARN	TLS certificate errors will be ignored for this session
1583279988507	Marionette	INFO	Stopped listening on port 44729
1583280079719	addons.webextension.doh-rollout@mozilla.org	WARN	Loading extension 'doh-rollout@mozilla.org': Reading manifest: Invalid extension permission: networkStatus
1583280079812	addons.webextension.screenshots@mozilla.org	WARN	Loading extension 'screenshots@mozilla.org': Reading manifest: Invalid extension permission: mozillaAddons
1583280079812	addons.webextension.screenshots@mozilla.org	WARN	Loading extension 'screenshots@mozilla.org': Reading manifest: Invalid extension permission: telemetry
1583280079813	addons.webextension.screenshots@mozilla.org	WARN	Loading extension 'screenshots@mozilla.org': Reading manifest: Invalid extension permission: resource://pdf.js/
1583280079813	addons.webextension.screenshots@mozilla.org	WARN	Loading extension 'screenshots@mozilla.org': Reading manifest: Invalid extension permission: about:reader*
Invalid Context= "Legacy" line for icon theme:  "/usr/share/icons/Adwaita/8x8/legacy/"
Invalid Context= "Legacy" line for icon theme:  "/usr/share/icons/Adwaita/16x16/legacy/"
Invalid Context= "UI" line for icon theme:  "/usr/share/icons/Adwaita/16x16/ui/"
Invalid Context= "Legacy" line for icon theme:  "/usr/share/icons/Adwaita/22x22/legacy/"
Invalid Context= "Legacy" line for icon theme:  "/usr/share/icons/Adwaita/24x24/legacy/"
Invalid Context= "UI" line for icon theme:  "/usr/share/icons/Adwaita/24x24/ui/"
Invalid Context= "Legacy" line for icon theme:  "/usr/share/icons/Adwaita/32x32/legacy/"
Invalid Context= "UI" line for icon theme:  "/usr/share/icons/Adwaita/32x32/ui/"
Invalid Context= "Legacy" line for icon theme:  "/usr/share/icons/Adwaita/48x48/legacy/"
Invalid Context= "UI" line for icon theme:  "/usr/share/icons/Adwaita/48x48/ui/"
Invalid Context= "Legacy" line for icon theme:  "/usr/share/icons/Adwaita/256x256/legacy/"
Invalid Context= "Legacy" line for icon theme:  "/usr/share/icons/Adwaita/512x512/legacy/"
Invalid Context= "Legacy" line for icon theme:  "/usr/share/icons/Adwaita/scalable/legacy/"
Invalid Context= "UI" line for icon theme:  "/usr/share/icons/Adwaita/scalable/ui/"
Icon theme "gnome" not found.
Icon theme "gnome" not found.
1583280081426	Marionette	INFO	Listening on port 46393
1583280081510	Marionette	WARN	TLS certificate errors will be ignored for this session
1583280126469	addons.webextension.doh-rollout@mozilla.org	WARN	Loading extension 'doh-rollout@mozilla.org': Reading manifest: Invalid extension permission: networkStatus
1583280126584	addons.webextension.screenshots@mozilla.org	WARN	Loading extension 'screenshots@mozilla.org': Reading manifest: Invalid extension permission: mozillaAddons
1583280126584	addons.webextension.screenshots@mozilla.org	WARN	Loading extension 'screenshots@mozilla.org': Reading manifest: Invalid extension permission: telemetry
1583280126584	addons.webextension.screenshots@mozilla.org	WARN	Loading extension 'screenshots@mozilla.org': Reading manifest: Invalid extension permission: resource://pdf.js/
1583280126584	addons.webextension.screenshots@mozilla.org	WARN	Loading extension 'screenshots@mozilla.org': Reading manifest: Invalid extension permission: about:reader*
Invalid Context= "Legacy" line for icon theme:  "/usr/share/icons/Adwaita/8x8/legacy/"
Invalid Context= "Legacy" line for icon theme:  "/usr/share/icons/Adwaita/16x16/legacy/"
Invalid Context= "UI" line for icon theme:  "/usr/share/icons/Adwaita/16x16/ui/"
Invalid Context= "Legacy" line for icon theme:  "/usr/share/icons/Adwaita/22x22/legacy/"
Invalid Context= "Legacy" line for icon theme:  "/usr/share/icons/Adwaita/24x24/legacy/"
Invalid Context= "UI" line for icon theme:  "/usr/share/icons/Adwaita/24x24/ui/"
Invalid Context= "Legacy" line for icon theme:  "/usr/share/icons/Adwaita/32x32/legacy/"
Invalid Context= "UI" line for icon theme:  "/usr/share/icons/Adwaita/32x32/ui/"
Invalid Context= "Legacy" line for icon theme:  "/usr/share/icons/Adwaita/48x48/legacy/"
Invalid Context= "UI" line for icon theme:  "/usr/share/icons/Adwaita/48x48/ui/"
Invalid Context= "Legacy" line for icon theme:  "/usr/share/icons/Adwaita/256x256/legacy/"
Invalid Context= "Legacy" line for icon theme:  "/usr/share/icons/Adwaita/512x512/legacy/"
Invalid Context= "Legacy" line for icon theme:  "/usr/share/icons/Adwaita/scalable/legacy/"
Invalid Context= "UI" line for icon theme:  "/usr/share/icons/Adwaita/scalable/ui/"
Icon theme "gnome" not found.
Icon theme "gnome" not found.
1583280128302	Marionette	INFO	Listening on port 37681
1583280128390	Marionette	WARN	TLS certificate errors will be ignored for this session
1583280134392	Marionette	INFO	Stopped listening on port 46393
1583280150603	Marionette	INFO	Stopped listening on port 37681
1583280187712	addons.webextension.doh-rollout@mozilla.org	WARN	Loading extension 'doh-rollout@mozilla.org': Reading manifest: Invalid extension permission: networkStatus
1583280187821	addons.webextension.screenshots@mozilla.org	WARN	Loading extension 'screenshots@mozilla.org': Reading manifest: Invalid extension permission: mozillaAddons
1583280187821	addons.webextension.screenshots@mozilla.org	WARN	Loading extension 'screenshots@mozilla.org': Reading manifest: Invalid extension permission: telemetry
1583280187821	addons.webextension.screenshots@mozilla.org	WARN	Loading extension 'screenshots@mozilla.org': Reading manifest: Invalid extension permission: resource://pdf.js/
1583280187821	addons.webextension.screenshots@mozilla.org	WARN	Loading extension 'screenshots@mozilla.org': Reading manifest: Invalid extension permission: about:reader*
Invalid Context= "Legacy" line for icon theme:  "/usr/share/icons/Adwaita/8x8/legacy/"
Invalid Context= "Legacy" line for icon theme:  "/usr/share/icons/Adwaita/16x16/legacy/"
Invalid Context= "UI" line for icon theme:  "/usr/share/icons/Adwaita/16x16/ui/"
Invalid Context= "Legacy" line for icon theme:  "/usr/share/icons/Adwaita/22x22/legacy/"
Invalid Context= "Legacy" line for icon theme:  "/usr/share/icons/Adwaita/24x24/legacy/"
Invalid Context= "UI" line for icon theme:  "/usr/share/icons/Adwaita/24x24/ui/"
Invalid Context= "Legacy" line for icon theme:  "/usr/share/icons/Adwaita/32x32/legacy/"
Invalid Context= "UI" line for icon theme:  "/usr/share/icons/Adwaita/32x32/ui/"
Invalid Context= "Legacy" line for icon theme:  "/usr/share/icons/Adwaita/48x48/legacy/"
Invalid Context= "UI" line for icon theme:  "/usr/share/icons/Adwaita/48x48/ui/"
Invalid Context= "Legacy" line for icon theme:  "/usr/share/icons/Adwaita/256x256/legacy/"
Invalid Context= "Legacy" line for icon theme:  "/usr/share/icons/Adwaita/512x512/legacy/"
Invalid Context= "Legacy" line for icon theme:  "/usr/share/icons/Adwaita/scalable/legacy/"
Invalid Context= "UI" line for icon theme:  "/usr/share/icons/Adwaita/scalable/ui/"
Icon theme "gnome" not found.
Icon theme "gnome" not found.
1583280189444	Marionette	INFO	Listening on port 46265
1583280189471	Marionette	WARN	TLS certificate errors will be ignored for this session
1583280268705	Marionette	INFO	Stopped listening on port 46265
1583280275518	addons.webextension.doh-rollout@mozilla.org	WARN	Loading extension 'doh-rollout@mozilla.org': Reading manifest: Invalid extension permission: networkStatus
1583280275632	addons.webextension.screenshots@mozilla.org	WARN	Loading extension 'screenshots@mozilla.org': Reading manifest: Invalid extension permission: mozillaAddons
1583280275632	addons.webextension.screenshots@mozilla.org	WARN	Loading extension 'screenshots@mozilla.org': Reading manifest: Invalid extension permission: telemetry
1583280275632	addons.webextension.screenshots@mozilla.org	WARN	Loading extension 'screenshots@mozilla.org': Reading manifest: Invalid extension permission: resource://pdf.js/
1583280275632	addons.webextension.screenshots@mozilla.org	WARN	Loading extension 'screenshots@mozilla.org': Reading manifest: Invalid extension permission: about:reader*
Invalid Context= "Legacy" line for icon theme:  "/usr/share/icons/Adwaita/8x8/legacy/"
Invalid Context= "Legacy" line for icon theme:  "/usr/share/icons/Adwaita/16x16/legacy/"
Invalid Context= "UI" line for icon theme:  "/usr/share/icons/Adwaita/16x16/ui/"
Invalid Context= "Legacy" line for icon theme:  "/usr/share/icons/Adwaita/22x22/legacy/"
Invalid Context= "Legacy" line for icon theme:  "/usr/share/icons/Adwaita/24x24/legacy/"
Invalid Context= "UI" line for icon theme:  "/usr/share/icons/Adwaita/24x24/ui/"
Invalid Context= "Legacy" line for icon theme:  "/usr/share/icons/Adwaita/32x32/legacy/"
Invalid Context= "UI" line for icon theme:  "/usr/share/icons/Adwaita/32x32/ui/"
Invalid Context= "Legacy" line for icon theme:  "/usr/share/icons/Adwaita/48x48/legacy/"
Invalid Context= "UI" line for icon theme:  "/usr/share/icons/Adwaita/48x48/ui/"
Invalid Context= "Legacy" line for icon theme:  "/usr/share/icons/Adwaita/256x256/legacy/"
Invalid Context= "Legacy" line for icon theme:  "/usr/share/icons/Adwaita/512x512/legacy/"
Invalid Context= "Legacy" line for icon theme:  "/usr/share/icons/Adwaita/scalable/legacy/"
Invalid Context= "UI" line for icon theme:  "/usr/share/icons/Adwaita/scalable/ui/"
Icon theme "gnome" not found.
Icon theme "gnome" not found.
1583280277256	Marionette	INFO	Listening on port 33441
1583280277339	Marionette	WARN	TLS certificate errors will be ignored for this session
1583280347202	Marionette	INFO	Stopped listening on port 33441
1583280360574	addons.webextension.doh-rollout@mozilla.org	WARN	Loading extension 'doh-rollout@mozilla.org': Reading manifest: Invalid extension permission: networkStatus
1583280360684	addons.webextension.screenshots@mozilla.org	WARN	Loading extension 'screenshots@mozilla.org': Reading manifest: Invalid extension permission: mozillaAddons
1583280360684	addons.webextension.screenshots@mozilla.org	WARN	Loading extension 'screenshots@mozilla.org': Reading manifest: Invalid extension permission: telemetry
1583280360684	addons.webextension.screenshots@mozilla.org	WARN	Loading extension 'screenshots@mozilla.org': Reading manifest: Invalid extension permission: resource://pdf.js/
1583280360684	addons.webextension.screenshots@mozilla.org	WARN	Loading extension 'screenshots@mozilla.org': Reading manifest: Invalid extension permission: about:reader*
Invalid Context= "Legacy" line for icon theme:  "/usr/share/icons/Adwaita/8x8/legacy/"
Invalid Context= "Legacy" line for icon theme:  "/usr/share/icons/Adwaita/16x16/legacy/"
Invalid Context= "UI" line for icon theme:  "/usr/share/icons/Adwaita/16x16/ui/"
Invalid Context= "Legacy" line for icon theme:  "/usr/share/icons/Adwaita/22x22/legacy/"
Invalid Context= "Legacy" line for icon theme:  "/usr/share/icons/Adwaita/24x24/legacy/"
Invalid Context= "UI" line for icon theme:  "/usr/share/icons/Adwaita/24x24/ui/"
Invalid Context= "Legacy" line for icon theme:  "/usr/share/icons/Adwaita/32x32/legacy/"
Invalid Context= "UI" line for icon theme:  "/usr/share/icons/Adwaita/32x32/ui/"
Invalid Context= "Legacy" line for icon theme:  "/usr/share/icons/Adwaita/48x48/legacy/"
Invalid Context= "UI" line for icon theme:  "/usr/share/icons/Adwaita/48x48/ui/"
Invalid Context= "Legacy" line for icon theme:  "/usr/share/icons/Adwaita/256x256/legacy/"
Invalid Context= "Legacy" line for icon theme:  "/usr/share/icons/Adwaita/512x512/legacy/"
Invalid Context= "Legacy" line for icon theme:  "/usr/share/icons/Adwaita/scalable/legacy/"
Invalid Context= "UI" line for icon theme:  "/usr/share/icons/Adwaita/scalable/ui/"
Icon theme "gnome" not found.
Icon theme "gnome" not found.
1583280362242	Marionette	INFO	Listening on port 40041
1583280362319	Marionette	WARN	TLS certificate errors will be ignored for this session
1583280441236	Marionette	INFO	Stopped listening on port 40041
1583280448764	addons.webextension.doh-rollout@mozilla.org	WARN	Loading extension 'doh-rollout@mozilla.org': Reading manifest: Invalid extension permission: networkStatus
1583280448860	addons.webextension.screenshots@mozilla.org	WARN	Loading extension 'screenshots@mozilla.org': Reading manifest: Invalid extension permission: mozillaAddons
1583280448860	addons.webextension.screenshots@mozilla.org	WARN	Loading extension 'screenshots@mozilla.org': Reading manifest: Invalid extension permission: telemetry
1583280448861	addons.webextension.screenshots@mozilla.org	WARN	Loading extension 'screenshots@mozilla.org': Reading manifest: Invalid extension permission: resource://pdf.js/
1583280448861	addons.webextension.screenshots@mozilla.org	WARN	Loading extension 'screenshots@mozilla.org': Reading manifest: Invalid extension permission: about:reader*
Invalid Context= "Legacy" line for icon theme:  "/usr/share/icons/Adwaita/8x8/legacy/"
Invalid Context= "Legacy" line for icon theme:  "/usr/share/icons/Adwaita/16x16/legacy/"
Invalid Context= "UI" line for icon theme:  "/usr/share/icons/Adwaita/16x16/ui/"
Invalid Context= "Legacy" line for icon theme:  "/usr/share/icons/Adwaita/22x22/legacy/"
Invalid Context= "Legacy" line for icon theme:  "/usr/share/icons/Adwaita/24x24/legacy/"
Invalid Context= "UI" line for icon theme:  "/usr/share/icons/Adwaita/24x24/ui/"
Invalid Context= "Legacy" line for icon theme:  "/usr/share/icons/Adwaita/32x32/legacy/"
Invalid Context= "UI" line for icon theme:  "/usr/share/icons/Adwaita/32x32/ui/"
Invalid Context= "Legacy" line for icon theme:  "/usr/share/icons/Adwaita/48x48/legacy/"
Invalid Context= "UI" line for icon theme:  "/usr/share/icons/Adwaita/48x48/ui/"
Invalid Context= "Legacy" line for icon theme:  "/usr/share/icons/Adwaita/256x256/legacy/"
Invalid Context= "Legacy" line for icon theme:  "/usr/share/icons/Adwaita/512x512/legacy/"
Invalid Context= "Legacy" line for icon theme:  "/usr/share/icons/Adwaita/scalable/legacy/"
Invalid Context= "UI" line for icon theme:  "/usr/share/icons/Adwaita/scalable/ui/"
Icon theme "gnome" not found.
Icon theme "gnome" not found.
1583280450306	Marionette	INFO	Listening on port 38099
1583280450334	Marionette	WARN	TLS certificate errors will be ignored for this session
1583280596328	Marionette	INFO	Stopped listening on port 38099
1583280600305	addons.webextension.doh-rollout@mozilla.org	WARN	Loading extension 'doh-rollout@mozilla.org': Reading manifest: Invalid extension permission: networkStatus
1583280600418	addons.webextension.screenshots@mozilla.org	WARN	Loading extension 'screenshots@mozilla.org': Reading manifest: Invalid extension permission: mozillaAddons
1583280600418	addons.webextension.screenshots@mozilla.org	WARN	Loading extension 'screenshots@mozilla.org': Reading manifest: Invalid extension permission: telemetry
1583280600418	addons.webextension.screenshots@mozilla.org	WARN	Loading extension 'screenshots@mozilla.org': Reading manifest: Invalid extension permission: resource://pdf.js/
1583280600418	addons.webextension.screenshots@mozilla.org	WARN	Loading extension 'screenshots@mozilla.org': Reading manifest: Invalid extension permission: about:reader*
Invalid Context= "Legacy" line for icon theme:  "/usr/share/icons/Adwaita/8x8/legacy/"
Invalid Context= "Legacy" line for icon theme:  "/usr/share/icons/Adwaita/16x16/legacy/"
Invalid Context= "UI" line for icon theme:  "/usr/share/icons/Adwaita/16x16/ui/"
Invalid Context= "Legacy" line for icon theme:  "/usr/share/icons/Adwaita/22x22/legacy/"
Invalid Context= "Legacy" line for icon theme:  "/usr/share/icons/Adwaita/24x24/legacy/"
Invalid Context= "UI" line for icon theme:  "/usr/share/icons/Adwaita/24x24/ui/"
Invalid Context= "Legacy" line for icon theme:  "/usr/share/icons/Adwaita/32x32/legacy/"
Invalid Context= "UI" line for icon theme:  "/usr/share/icons/Adwaita/32x32/ui/"
Invalid Context= "Legacy" line for icon theme:  "/usr/share/icons/Adwaita/48x48/legacy/"
Invalid Context= "UI" line for icon theme:  "/usr/share/icons/Adwaita/48x48/ui/"
Invalid Context= "Legacy" line for icon theme:  "/usr/share/icons/Adwaita/256x256/legacy/"
Invalid Context= "Legacy" line for icon theme:  "/usr/share/icons/Adwaita/512x512/legacy/"
Invalid Context= "Legacy" line for icon theme:  "/usr/share/icons/Adwaita/scalable/legacy/"
Invalid Context= "UI" line for icon theme:  "/usr/share/icons/Adwaita/scalable/ui/"
Icon theme "gnome" not found.
Icon theme "gnome" not found.
1583280602018	Marionette	INFO	Listening on port 45669
1583280602049	Marionette	WARN	TLS certificate errors will be ignored for this session
1583280807391	addons.webextension.doh-rollout@mozilla.org	WARN	Loading extension 'doh-rollout@mozilla.org': Reading manifest: Invalid extension permission: networkStatus
1583280807521	addons.webextension.screenshots@mozilla.org	WARN	Loading extension 'screenshots@mozilla.org': Reading manifest: Invalid extension permission: mozillaAddons
1583280807521	addons.webextension.screenshots@mozilla.org	WARN	Loading extension 'screenshots@mozilla.org': Reading manifest: Invalid extension permission: telemetry
1583280807521	addons.webextension.screenshots@mozilla.org	WARN	Loading extension 'screenshots@mozilla.org': Reading manifest: Invalid extension permission: resource://pdf.js/
1583280807521	addons.webextension.screenshots@mozilla.org	WARN	Loading extension 'screenshots@mozilla.org': Reading manifest: Invalid extension permission: about:reader*
Invalid Context= "Legacy" line for icon theme:  "/usr/share/icons/Adwaita/8x8/legacy/"
Invalid Context= "Legacy" line for icon theme:  "/usr/share/icons/Adwaita/16x16/legacy/"
Invalid Context= "UI" line for icon theme:  "/usr/share/icons/Adwaita/16x16/ui/"
Invalid Context= "Legacy" line for icon theme:  "/usr/share/icons/Adwaita/22x22/legacy/"
Invalid Context= "Legacy" line for icon theme:  "/usr/share/icons/Adwaita/24x24/legacy/"
Invalid Context= "UI" line for icon theme:  "/usr/share/icons/Adwaita/24x24/ui/"
Invalid Context= "Legacy" line for icon theme:  "/usr/share/icons/Adwaita/32x32/legacy/"
Invalid Context= "UI" line for icon theme:  "/usr/share/icons/Adwaita/32x32/ui/"
Invalid Context= "Legacy" line for icon theme:  "/usr/share/icons/Adwaita/48x48/legacy/"
Invalid Context= "UI" line for icon theme:  "/usr/share/icons/Adwaita/48x48/ui/"
Invalid Context= "Legacy" line for icon theme:  "/usr/share/icons/Adwaita/256x256/legacy/"
Invalid Context= "Legacy" line for icon theme:  "/usr/share/icons/Adwaita/512x512/legacy/"
Invalid Context= "Legacy" line for icon theme:  "/usr/share/icons/Adwaita/scalable/legacy/"
Invalid Context= "UI" line for icon theme:  "/usr/share/icons/Adwaita/scalable/ui/"
Icon theme "gnome" not found.
Icon theme "gnome" not found.
1583280809324	Marionette	INFO	Listening on port 38123
1583280809414	Marionette	WARN	TLS certificate errors will be ignored for this session
1583280812557	Marionette	INFO	Stopped listening on port 45669
1583280978246	addons.webextension.doh-rollout@mozilla.org	WARN	Loading extension 'doh-rollout@mozilla.org': Reading manifest: Invalid extension permission: networkStatus
1583280978364	addons.webextension.screenshots@mozilla.org	WARN	Loading extension 'screenshots@mozilla.org': Reading manifest: Invalid extension permission: mozillaAddons
1583280978364	addons.webextension.screenshots@mozilla.org	WARN	Loading extension 'screenshots@mozilla.org': Reading manifest: Invalid extension permission: telemetry
1583280978364	addons.webextension.screenshots@mozilla.org	WARN	Loading extension 'screenshots@mozilla.org': Reading manifest: Invalid extension permission: resource://pdf.js/
1583280978364	addons.webextension.screenshots@mozilla.org	WARN	Loading extension 'screenshots@mozilla.org': Reading manifest: Invalid extension permission: about:reader*
Invalid Context= "Legacy" line for icon theme:  "/usr/share/icons/Adwaita/8x8/legacy/"
Invalid Context= "Legacy" line for icon theme:  "/usr/share/icons/Adwaita/16x16/legacy/"
Invalid Context= "UI" line for icon theme:  "/usr/share/icons/Adwaita/16x16/ui/"
Invalid Context= "Legacy" line for icon theme:  "/usr/share/icons/Adwaita/22x22/legacy/"
Invalid Context= "Legacy" line for icon theme:  "/usr/share/icons/Adwaita/24x24/legacy/"
Invalid Context= "UI" line for icon theme:  "/usr/share/icons/Adwaita/24x24/ui/"
Invalid Context= "Legacy" line for icon theme:  "/usr/share/icons/Adwaita/32x32/legacy/"
Invalid Context= "UI" line for icon theme:  "/usr/share/icons/Adwaita/32x32/ui/"
Invalid Context= "Legacy" line for icon theme:  "/usr/share/icons/Adwaita/48x48/legacy/"
Invalid Context= "UI" line for icon theme:  "/usr/share/icons/Adwaita/48x48/ui/"
Invalid Context= "Legacy" line for icon theme:  "/usr/share/icons/Adwaita/256x256/legacy/"
Invalid Context= "Legacy" line for icon theme:  "/usr/share/icons/Adwaita/512x512/legacy/"
Invalid Context= "Legacy" line for icon theme:  "/usr/share/icons/Adwaita/scalable/legacy/"
Invalid Context= "UI" line for icon theme:  "/usr/share/icons/Adwaita/scalable/ui/"
Icon theme "gnome" not found.
Icon theme "gnome" not found.
1583280980122	Marionette	INFO	Listening on port 37475
1583280980175	Marionette	WARN	TLS certificate errors will be ignored for this session
1583280984858	Marionette	INFO	Stopped listening on port 38123
1583281021592	Marionette	INFO	Stopped listening on port 37475
1583289135076	addons.webextension.doh-rollout@mozilla.org	WARN	Loading extension 'doh-rollout@mozilla.org': Reading manifest: Invalid extension permission: networkStatus
1583289136034	addons.webextension.screenshots@mozilla.org	WARN	Loading extension 'screenshots@mozilla.org': Reading manifest: Invalid extension permission: mozillaAddons
1583289136034	addons.webextension.screenshots@mozilla.org	WARN	Loading extension 'screenshots@mozilla.org': Reading manifest: Invalid extension permission: telemetry
1583289136034	addons.webextension.screenshots@mozilla.org	WARN	Loading extension 'screenshots@mozilla.org': Reading manifest: Invalid extension permission: resource://pdf.js/
1583289136034	addons.webextension.screenshots@mozilla.org	WARN	Loading extension 'screenshots@mozilla.org': Reading manifest: Invalid extension permission: about:reader*
Invalid Context= "Legacy" line for icon theme:  "/usr/share/icons/Adwaita/8x8/legacy/"
Invalid Context= "Legacy" line for icon theme:  "/usr/share/icons/Adwaita/16x16/legacy/"
Invalid Context= "UI" line for icon theme:  "/usr/share/icons/Adwaita/16x16/ui/"
Invalid Context= "Legacy" line for icon theme:  "/usr/share/icons/Adwaita/22x22/legacy/"
Invalid Context= "Legacy" line for icon theme:  "/usr/share/icons/Adwaita/24x24/legacy/"
Invalid Context= "UI" line for icon theme:  "/usr/share/icons/Adwaita/24x24/ui/"
Invalid Context= "Legacy" line for icon theme:  "/usr/share/icons/Adwaita/32x32/legacy/"
Invalid Context= "UI" line for icon theme:  "/usr/share/icons/Adwaita/32x32/ui/"
Invalid Context= "Legacy" line for icon theme:  "/usr/share/icons/Adwaita/48x48/legacy/"
Invalid Context= "UI" line for icon theme:  "/usr/share/icons/Adwaita/48x48/ui/"
Invalid Context= "Legacy" line for icon theme:  "/usr/share/icons/Adwaita/256x256/legacy/"
Invalid Context= "Legacy" line for icon theme:  "/usr/share/icons/Adwaita/512x512/legacy/"
Invalid Context= "Legacy" line for icon theme:  "/usr/share/icons/Adwaita/scalable/legacy/"
Invalid Context= "UI" line for icon theme:  "/usr/share/icons/Adwaita/scalable/ui/"
Icon theme "gnome" not found.
Icon theme "gnome" not found.
1583289139666	Marionette	INFO	Listening on port 42383
1583289139730	Marionette	WARN	TLS certificate errors will be ignored for this session
1583290194668	Marionette	INFO	Stopped listening on port 42383
1583290349816	Marionette	INFO	Stopped listening on port 34607
